{
  "stats": {
    "suites": 1,
    "tests": 2,
    "passes": 2,
    "pending": 0,
    "failures": 0,
    "start": "2022-06-22T19:20:57.121Z",
    "end": "2022-06-22T19:21:16.316Z",
    "duration": 19195,
    "testsRegistered": 2,
    "passPercent": 100,
    "pendingPercent": 0,
    "other": 0,
    "hasOther": false,
    "skipped": 0,
    "hasSkipped": false
  },
  "results": [
    {
      "uuid": "a9066897-0b49-4077-b562-6a7b4fec9d2d",
      "title": "",
      "fullFile": "cypress/integration/myTests/Test5,6.spec.js",
      "file": "cypress/integration/myTests/Test5,6.spec.js",
      "beforeHooks": [],
      "afterHooks": [],
      "tests": [],
      "suites": [
        {
          "uuid": "11fa8032-6b47-4e4a-9e75-9a203afdb045",
          "title": "Test 5,6 - Wejście na stronę wa.pb.edu.pl przez pb.edu.pl i przeczytanie opisu kierunku \"Architektura\"",
          "fullFile": "",
          "file": "",
          "beforeHooks": [],
          "afterHooks": [],
          "tests": [
            {
              "title": "Test 5 Wejście na stronę wa.pb.edu.pl za pośrednictwem pb.edu.pl ",
              "fullTitle": "Test 5,6 - Wejście na stronę wa.pb.edu.pl przez pb.edu.pl i przeczytanie opisu kierunku \"Architektura\" Test 5 Wejście na stronę wa.pb.edu.pl za pośrednictwem pb.edu.pl ",
              "timedOut": null,
              "duration": 9885,
              "state": "passed",
              "speed": "medium",
              "pass": true,
              "fail": false,
              "pending": false,
              "context": null,
              "code": "cy.visit('https://pb.edu.pl/');\ncy.closePopUp();\ncy.get('.department-wydzial-architektury > a').invoke('removeAttr', 'target').click();\ncy.url().should('contain', 'wa.pb.edu.pl');",
              "err": {},
              "uuid": "a78d3dc6-0078-49b8-8c04-6626307a6061",
              "parentUUID": "11fa8032-6b47-4e4a-9e75-9a203afdb045",
              "isHook": false,
              "skipped": false
            },
            {
              "title": "Test 6 sprawdzenie poprawności wyświetlania opisu kierunku \"Architektura\"",
              "fullTitle": "Test 5,6 - Wejście na stronę wa.pb.edu.pl przez pb.edu.pl i przeczytanie opisu kierunku \"Architektura\" Test 6 sprawdzenie poprawności wyświetlania opisu kierunku \"Architektura\"",
              "timedOut": null,
              "duration": 5191,
              "state": "passed",
              "speed": "medium",
              "pass": true,
              "fail": false,
              "pending": false,
              "context": null,
              "code": "cy.visit('https://wa.pb.edu.pl/');\ncy.closePopUp();\ncy.get('#menu-item-606 > a > h2').click();\ncy.get(':nth-child(1) > .button').click();\ncy.get(':nth-child(1) > .panel-heading > .panel-title > .collapsed').click();\ncy.get('#custom-collapse-0-0 > .panel-body').should('contain', 'Jako absolwent architektury').should('be.visible');",
              "err": {},
              "uuid": "9dca935a-1e07-439b-a871-8841a3549cd8",
              "parentUUID": "11fa8032-6b47-4e4a-9e75-9a203afdb045",
              "isHook": false,
              "skipped": false
            }
          ],
          "suites": [],
          "passes": [
            "a78d3dc6-0078-49b8-8c04-6626307a6061",
            "9dca935a-1e07-439b-a871-8841a3549cd8"
          ],
          "failures": [],
          "pending": [],
          "skipped": [],
          "duration": 15076,
          "root": false,
          "rootEmpty": false,
          "_timeout": 2000
        }
      ],
      "passes": [],
      "failures": [],
      "pending": [],
      "skipped": [],
      "duration": 0,
      "root": true,
      "rootEmpty": true,
      "_timeout": 2000
    }
  ],
  "meta": {
    "mocha": {
      "version": "7.0.1"
    },
    "mochawesome": {
      "options": {
        "quiet": false,
        "reportFilename": "[status]_[datetime]-[name]-report",
        "saveHtml": true,
        "saveJson": true,
        "consoleReporter": "spec",
        "useInlineDiffs": false,
        "code": true
      },
      "version": "7.1.3"
    },
    "marge": {
      "options": {
        "reportFilename": "[status]_[datetime]-[name]-report",
        "timestamp": "isoDateTime",
        "overwrite": false,
        "html": true,
        "json": true
      },
      "version": "6.2.0"
    }
  }
}