{
  "stats": {
    "suites": 1,
    "tests": 1,
    "passes": 1,
    "pending": 0,
    "failures": 0,
    "start": "2022-06-22T19:20:09.484Z",
    "end": "2022-06-22T19:20:14.804Z",
    "duration": 5320,
    "testsRegistered": 1,
    "passPercent": 100,
    "pendingPercent": 0,
    "other": 0,
    "hasOther": false,
    "skipped": 0,
    "hasSkipped": false
  },
  "results": [
    {
      "uuid": "44315ff8-4ef5-40d5-93fe-8929b67d827b",
      "title": "",
      "fullFile": "cypress/integration/myTests/Test2.spec.js",
      "file": "cypress/integration/myTests/Test2.spec.js",
      "beforeHooks": [],
      "afterHooks": [],
      "tests": [],
      "suites": [
        {
          "uuid": "acb49759-7245-4553-8064-11a49b9cdd7c",
          "title": "Test2",
          "fullFile": "",
          "file": "",
          "beforeHooks": [],
          "afterHooks": [],
          "tests": [
            {
              "title": "Wpisanie w wyszukiwarkę Google frazy \"Wikipedia\" i wyszukanie wyników",
              "fullTitle": "Test2 Wpisanie w wyszukiwarkę Google frazy \"Wikipedia\" i wyszukanie wyników",
              "timedOut": null,
              "duration": 5160,
              "state": "passed",
              "speed": "medium",
              "pass": true,
              "fail": false,
              "pending": false,
              "context": null,
              "code": "cy.visit('www.google.com');\ngoogle.getConfirmPopUpButton().click();\ngoogle.typeInSearchInput(_searchQueries.default[1].fraze).invoke('val').then($val => {\n  // cy.log($val)\n  google.typeInSearchInput('{enter}').then(() => {\n    cy.url().should('contain', $val);\n  });\n});",
              "err": {},
              "uuid": "0c0031f9-0696-415c-8d7c-46197dc0708f",
              "parentUUID": "acb49759-7245-4553-8064-11a49b9cdd7c",
              "isHook": false,
              "skipped": false
            }
          ],
          "suites": [],
          "passes": [
            "0c0031f9-0696-415c-8d7c-46197dc0708f"
          ],
          "failures": [],
          "pending": [],
          "skipped": [],
          "duration": 5160,
          "root": false,
          "rootEmpty": false,
          "_timeout": 2000
        }
      ],
      "passes": [],
      "failures": [],
      "pending": [],
      "skipped": [],
      "duration": 0,
      "root": true,
      "rootEmpty": true,
      "_timeout": 2000
    }
  ],
  "meta": {
    "mocha": {
      "version": "7.0.1"
    },
    "mochawesome": {
      "options": {
        "quiet": false,
        "reportFilename": "[status]_[datetime]-[name]-report",
        "saveHtml": true,
        "saveJson": true,
        "consoleReporter": "spec",
        "useInlineDiffs": false,
        "code": true
      },
      "version": "7.1.3"
    },
    "marge": {
      "options": {
        "reportFilename": "[status]_[datetime]-[name]-report",
        "timestamp": "isoDateTime",
        "overwrite": false,
        "html": true,
        "json": true
      },
      "version": "6.2.0"
    }
  }
}