{
  "stats": {
    "suites": 1,
    "tests": 1,
    "passes": 1,
    "pending": 0,
    "failures": 0,
    "start": "2022-06-22T19:21:18.533Z",
    "end": "2022-06-22T19:21:26.023Z",
    "duration": 7490,
    "testsRegistered": 1,
    "passPercent": 100,
    "pendingPercent": 0,
    "other": 0,
    "hasOther": false,
    "skipped": 0,
    "hasSkipped": false
  },
  "results": [
    {
      "uuid": "21eebb6b-75d2-4100-88af-4bd0f8a73c16",
      "title": "",
      "fullFile": "cypress/integration/myTests/Test7.spec.js",
      "file": "cypress/integration/myTests/Test7.spec.js",
      "beforeHooks": [],
      "afterHooks": [],
      "tests": [],
      "suites": [
        {
          "uuid": "9fe1c3dc-c2b4-4f85-8317-6825167595f6",
          "title": "Test 7",
          "fullFile": "",
          "file": "",
          "beforeHooks": [],
          "afterHooks": [],
          "tests": [
            {
              "title": "Zapisanie się na newsletter Zalando",
              "fullTitle": "Test 7 Zapisanie się na newsletter Zalando",
              "timedOut": null,
              "duration": 5033,
              "state": "passed",
              "speed": "medium",
              "pass": true,
              "fail": false,
              "pending": false,
              "context": null,
              "code": "Cypress.on('uncaught:exception', (err, runnable) => {\n  return false;\n});\ncy.visit('https://www.zalando.pl/zalando-newsletter/');\ncy.get('#email-input').type('test@automatyczny.pl');\ncy.get(':nth-child(1) > .RsYQDu > .Vm2aBa').click();\ncy.get(':nth-child(5) > .DJxzzA').click();\ncy.get('.DgFgr2 > .reVeb9').should('contain', 'Już prawie!');",
              "err": {},
              "uuid": "0c39ebad-5bd1-43d2-b367-d82db8c5da2e",
              "parentUUID": "9fe1c3dc-c2b4-4f85-8317-6825167595f6",
              "isHook": false,
              "skipped": false
            }
          ],
          "suites": [],
          "passes": [
            "0c39ebad-5bd1-43d2-b367-d82db8c5da2e"
          ],
          "failures": [],
          "pending": [],
          "skipped": [],
          "duration": 5033,
          "root": false,
          "rootEmpty": false,
          "_timeout": 2000
        }
      ],
      "passes": [],
      "failures": [],
      "pending": [],
      "skipped": [],
      "duration": 0,
      "root": true,
      "rootEmpty": true,
      "_timeout": 2000
    }
  ],
  "meta": {
    "mocha": {
      "version": "7.0.1"
    },
    "mochawesome": {
      "options": {
        "quiet": false,
        "reportFilename": "[status]_[datetime]-[name]-report",
        "saveHtml": true,
        "saveJson": true,
        "consoleReporter": "spec",
        "useInlineDiffs": false,
        "code": true
      },
      "version": "7.1.3"
    },
    "marge": {
      "options": {
        "reportFilename": "[status]_[datetime]-[name]-report",
        "timestamp": "isoDateTime",
        "overwrite": false,
        "html": true,
        "json": true
      },
      "version": "6.2.0"
    }
  }
}