{
  "stats": {
    "suites": 1,
    "tests": 2,
    "passes": 2,
    "pending": 0,
    "failures": 0,
    "start": "2022-06-22T19:20:17.213Z",
    "end": "2022-06-22T19:20:54.667Z",
    "duration": 37454,
    "testsRegistered": 2,
    "passPercent": 100,
    "pendingPercent": 0,
    "other": 0,
    "hasOther": false,
    "skipped": 0,
    "hasSkipped": false
  },
  "results": [
    {
      "uuid": "7074cf86-fe86-42f3-98b2-65256b1e0440",
      "title": "",
      "fullFile": "cypress/integration/myTests/Test3,4.spec.js",
      "file": "cypress/integration/myTests/Test3,4.spec.js",
      "beforeHooks": [],
      "afterHooks": [],
      "tests": [],
      "suites": [
        {
          "uuid": "00b17e1e-890c-4bea-b18d-68880b9e5d6f",
          "title": "Test 3,4 - Wejście na stronę x-kom i włożenie towaru do koszyka",
          "fullFile": "",
          "file": "",
          "beforeHooks": [],
          "afterHooks": [],
          "tests": [
            {
              "title": "Test 3 - Użytkownik po wejściu na stronę ma możliwość na stronę może przejść do sekcji Laptopy/Notebooki/Ultrabooki",
              "fullTitle": "Test 3,4 - Wejście na stronę x-kom i włożenie towaru do koszyka Test 3 - Użytkownik po wejściu na stronę ma możliwość na stronę może przejść do sekcji Laptopy/Notebooki/Ultrabooki",
              "timedOut": null,
              "duration": 15464,
              "state": "passed",
              "speed": "slow",
              "pass": true,
              "fail": false,
              "pending": false,
              "context": null,
              "code": "Cypress.on('uncaught:exception', (err, runnable) => {\n  return false;\n});\ncy.visit('https://www.x-kom.pl/');\ncy.get('.sc-1p1bjrl-9').click(); // ('body > div > div > div > div > div > button:nth-child(2)')\ncy.get(':nth-child(1) > .sc-13hctwf-0 > .sc-13hctwf-5').click();\ncy.get('.fcMCVZ > .sc-16n31g-2 > :nth-child(1) > .sc-1h16fat-0').click();\ncy.wait(1500);\ncy.url().should('include', \"www.x-kom.pl/g-2/c/159-laptopy-notebooki-ultrabooki\");",
              "err": {},
              "uuid": "96b4cc7d-fd82-4021-85a9-3adc20bd2606",
              "parentUUID": "00b17e1e-890c-4bea-b18d-68880b9e5d6f",
              "isHook": false,
              "skipped": false
            },
            {
              "title": "Test 4 - Użytkownik po wejściu po wybraniu modelu laptopa ma możliwość włożenia go do koszyka",
              "fullTitle": "Test 3,4 - Wejście na stronę x-kom i włożenie towaru do koszyka Test 4 - Użytkownik po wejściu po wybraniu modelu laptopa ma możliwość włożenia go do koszyka",
              "timedOut": null,
              "duration": 17763,
              "state": "passed",
              "speed": "slow",
              "pass": true,
              "fail": false,
              "pending": false,
              "context": null,
              "code": "Cypress.on('uncaught:exception', (err, runnable) => {\n  return false;\n});\ncy.visit('www.x-kom.pl/g-2/c/159-laptopy-notebooki-ultrabooki');\ncy.get('.sc-1p1bjrl-9').click();\ncy.get(':nth-child(1) > .sc-1yu46qn-3 > .sc-1yu46qn-4 > .sc-1yu46qn-10 > :nth-child(1) > .sc-1h16fat-0 > .sc-1yu46qn-9 > span').click();\ncy.get('.sc-1hdxfw1-3').click();\ncy.wait(1500);\ncy.get('.an0bcv-3').should('be.visible');",
              "err": {},
              "uuid": "40d78362-b0e9-4fb3-b165-d911b9f6823a",
              "parentUUID": "00b17e1e-890c-4bea-b18d-68880b9e5d6f",
              "isHook": false,
              "skipped": false
            }
          ],
          "suites": [],
          "passes": [
            "96b4cc7d-fd82-4021-85a9-3adc20bd2606",
            "40d78362-b0e9-4fb3-b165-d911b9f6823a"
          ],
          "failures": [],
          "pending": [],
          "skipped": [],
          "duration": 33227,
          "root": false,
          "rootEmpty": false,
          "_timeout": 2000
        }
      ],
      "passes": [],
      "failures": [],
      "pending": [],
      "skipped": [],
      "duration": 0,
      "root": true,
      "rootEmpty": true,
      "_timeout": 2000
    }
  ],
  "meta": {
    "mocha": {
      "version": "7.0.1"
    },
    "mochawesome": {
      "options": {
        "quiet": false,
        "reportFilename": "[status]_[datetime]-[name]-report",
        "saveHtml": true,
        "saveJson": true,
        "consoleReporter": "spec",
        "useInlineDiffs": false,
        "code": true
      },
      "version": "7.1.3"
    },
    "marge": {
      "options": {
        "reportFilename": "[status]_[datetime]-[name]-report",
        "timestamp": "isoDateTime",
        "overwrite": false,
        "html": true,
        "json": true
      },
      "version": "6.2.0"
    }
  }
}