{
  "stats": {
    "suites": 1,
    "tests": 1,
    "passes": 1,
    "pending": 0,
    "failures": 0,
    "start": "2022-06-22T19:20:04.983Z",
    "end": "2022-06-22T19:20:07.151Z",
    "duration": 2168,
    "testsRegistered": 1,
    "passPercent": 100,
    "pendingPercent": 0,
    "other": 0,
    "hasOther": false,
    "skipped": 0,
    "hasSkipped": false
  },
  "results": [
    {
      "uuid": "412819cd-0d5f-4d00-89a2-8bc60412225b",
      "title": "",
      "fullFile": "cypress/integration/myTests/Test1.spec.js",
      "file": "cypress/integration/myTests/Test1.spec.js",
      "beforeHooks": [],
      "afterHooks": [],
      "tests": [],
      "suites": [
        {
          "uuid": "9be7f3a2-ab8f-432d-833f-66bd4574c039",
          "title": "Test1",
          "fullFile": "",
          "file": "",
          "beforeHooks": [],
          "afterHooks": [],
          "tests": [
            {
              "title": "Zamykanie Pop Up na stronie Google.pl",
              "fullTitle": "Test1 Zamykanie Pop Up na stronie Google.pl",
              "timedOut": null,
              "duration": 2032,
              "state": "passed",
              "speed": "fast",
              "pass": true,
              "fail": false,
              "pending": false,
              "context": null,
              "code": "cy.visit('www.google.com');\ngoogle.getConfirmPopUpButton().click().should('not.be.visible');",
              "err": {},
              "uuid": "48ccb1bc-4feb-4557-aa00-02268c0af5a2",
              "parentUUID": "9be7f3a2-ab8f-432d-833f-66bd4574c039",
              "isHook": false,
              "skipped": false
            }
          ],
          "suites": [],
          "passes": [
            "48ccb1bc-4feb-4557-aa00-02268c0af5a2"
          ],
          "failures": [],
          "pending": [],
          "skipped": [],
          "duration": 2032,
          "root": false,
          "rootEmpty": false,
          "_timeout": 2000
        }
      ],
      "passes": [],
      "failures": [],
      "pending": [],
      "skipped": [],
      "duration": 0,
      "root": true,
      "rootEmpty": true,
      "_timeout": 2000
    }
  ],
  "meta": {
    "mocha": {
      "version": "7.0.1"
    },
    "mochawesome": {
      "options": {
        "quiet": false,
        "reportFilename": "[status]_[datetime]-[name]-report",
        "saveHtml": true,
        "saveJson": true,
        "consoleReporter": "spec",
        "useInlineDiffs": false,
        "code": true
      },
      "version": "7.1.3"
    },
    "marge": {
      "options": {
        "reportFilename": "[status]_[datetime]-[name]-report",
        "timestamp": "isoDateTime",
        "overwrite": false,
        "html": true,
        "json": true
      },
      "version": "6.2.0"
    }
  }
}