{
  "stats": {
    "suites": 1,
    "tests": 1,
    "passes": 1,
    "pending": 0,
    "failures": 0,
    "start": "2022-06-22T19:21:27.994Z",
    "end": "2022-06-22T19:21:43.512Z",
    "duration": 15518,
    "testsRegistered": 1,
    "passPercent": 100,
    "pendingPercent": 0,
    "other": 0,
    "hasOther": false,
    "skipped": 0,
    "hasSkipped": false
  },
  "results": [
    {
      "uuid": "34b88e91-8eca-4bfb-b032-a95c521dbf59",
      "title": "",
      "fullFile": "cypress/integration/myTests/Test8.spec.js",
      "file": "cypress/integration/myTests/Test8.spec.js",
      "beforeHooks": [],
      "afterHooks": [],
      "tests": [],
      "suites": [
        {
          "uuid": "49a751b8-bccf-46cf-9f72-d94fd766ad6e",
          "title": "Test8",
          "fullFile": "",
          "file": "",
          "beforeHooks": [],
          "afterHooks": [],
          "tests": [
            {
              "title": "Otwarcie strony coingecko.com i zaakceptowanie ciastek",
              "fullTitle": "Test8 Otwarcie strony coingecko.com i zaakceptowanie ciastek",
              "timedOut": null,
              "duration": 11972,
              "state": "passed",
              "speed": "slow",
              "pass": true,
              "fail": false,
              "pending": false,
              "context": null,
              "code": "cy.visit('https://www.coingecko.com/');\ncy.get('.col-md-12 > div > .btn').click().should(\"not.be.visible\");",
              "err": {},
              "uuid": "94812787-50f5-4c77-9e62-70e3ba69e908",
              "parentUUID": "49a751b8-bccf-46cf-9f72-d94fd766ad6e",
              "isHook": false,
              "skipped": false
            }
          ],
          "suites": [],
          "passes": [
            "94812787-50f5-4c77-9e62-70e3ba69e908"
          ],
          "failures": [],
          "pending": [],
          "skipped": [],
          "duration": 11972,
          "root": false,
          "rootEmpty": false,
          "_timeout": 2000
        }
      ],
      "passes": [],
      "failures": [],
      "pending": [],
      "skipped": [],
      "duration": 0,
      "root": true,
      "rootEmpty": true,
      "_timeout": 2000
    }
  ],
  "meta": {
    "mocha": {
      "version": "7.0.1"
    },
    "mochawesome": {
      "options": {
        "quiet": false,
        "reportFilename": "[status]_[datetime]-[name]-report",
        "saveHtml": true,
        "saveJson": true,
        "consoleReporter": "spec",
        "useInlineDiffs": false,
        "code": true
      },
      "version": "7.1.3"
    },
    "marge": {
      "options": {
        "reportFilename": "[status]_[datetime]-[name]-report",
        "timestamp": "isoDateTime",
        "overwrite": false,
        "html": true,
        "json": true
      },
      "version": "6.2.0"
    }
  }
}